0 verbose cli /Users/xavierleffler/.nvm/versions/node/v24.4.0/bin/node /Users/xavierleffler/.nvm/versions/node/v24.4.0/bin/npm
1 info using npm@11.6.4
2 info using node@v24.4.0
3 silly config load:file:/Users/xavierleffler/.nvm/versions/node/v24.4.0/lib/node_modules/npm/npmrc
4 silly config load:file:/Users/xavierleffler/.npmrc
5 silly config load:file:/Users/xavierleffler/.nvm/versions/node/v24.4.0/etc/npmrc
6 verbose title npm install npm@11.10.1
7 verbose argv "install" "--global" "npm@11.10.1"
8 verbose logfile logs-max:10 dir:/Users/xavierleffler/Projects/conference-realignment-tool/.npm-cache/_logs/2026-02-21T23_22_29_388Z-
9 verbose logfile /Users/xavierleffler/Projects/conference-realignment-tool/.npm-cache/_logs/2026-02-21T23_22_29_388Z-debug-0.log
10 silly logfile done cleaning log files
11 http fetch GET 200 https://registry.npmjs.org/npm 143ms (cache miss)
12 silly packumentCache heap:4496293888 maxSize:1124073472 maxEntrySize:562036736
13 silly idealTree buildDeps
14 silly fetch manifest npm@11.10.1
15 silly packumentCache full:https://registry.npmjs.org/npm cache-miss
16 http fetch GET 200 https://registry.npmjs.org/npm 845ms (cache miss)
17 silly packumentCache full:https://registry.npmjs.org/npm set size:undefined disposed:false
18 silly placeDep ROOT npm@11.10.1 OK for:  want: 11.10.1
19 silly reify mark retired [
19 silly reify   '/Users/xavierleffler/.nvm/versions/node/v24.4.0/lib/node_modules/npm',
19 silly reify   '/Users/xavierleffler/.nvm/versions/node/v24.4.0/bin/npm',
19 silly reify   '/Users/xavierleffler/.nvm/versions/node/v24.4.0/bin/npx'
19 silly reify ]
20 silly reify moves {
20 silly reify   '/Users/xavierleffler/.nvm/versions/node/v24.4.0/lib/node_modules/npm': '/Users/xavierleffler/.nvm/versions/node/v24.4.0/lib/node_modules/.npm-bufElpUt',
20 silly reify   '/Users/xavierleffler/.nvm/versions/node/v24.4.0/bin/npm': '/Users/xavierleffler/.nvm/versions/node/v24.4.0/bin/.npm-lbuN6oGS',
20 silly reify   '/Users/xavierleffler/.nvm/versions/node/v24.4.0/bin/npx': '/Users/xavierleffler/.nvm/versions/node/v24.4.0/bin/.npx-R8VhmplU'
20 silly reify }
21 http cache npm@https://registry.npmjs.org/npm/-/npm-11.10.1.tgz 0ms (cache hit)
22 silly tarball no local data for npm@https://registry.npmjs.org/npm/-/npm-11.10.1.tgz. Extracting by manifest.
23 http fetch GET 200 https://registry.npmjs.org/npm/-/npm-11.10.1.tgz 360ms (cache miss)
24 silly CHANGE node_modules/npm
25 silly CHANGE node_modules/npm/node_modules/yallist
26 silly REMOVE node_modules/npm/node_modules/validate-npm-package-license
27 silly REMOVE node_modules/npm/node_modules/validate-npm-package-license/node_modules/spdx-expression-parse
28 silly CHANGE node_modules/npm/node_modules/@sigstore/sign
29 silly REMOVE node_modules/npm/node_modules/@sigstore/sign/node_modules/proc-log
30 silly CHANGE node_modules/npm/node_modules/@tufjs/models
31 silly REMOVE node_modules/npm/node_modules/@tufjs/models/node_modules/minimatch
32 silly CHANGE node_modules/npm/node_modules/@sigstore/verify
33 silly CHANGE node_modules/npm/node_modules/@sigstore/tuf
34 silly CHANGE node_modules/npm/node_modules/@sigstore/core
35 silly CHANGE node_modules/npm/node_modules/@npmcli/package-json
36 silly CHANGE node_modules/npm/node_modules/@npmcli/installed-package-contents
37 silly CHANGE node_modules/npm/node_modules/@npmcli/arborist
38 silly REMOVE node_modules/npm/node_modules/string-width
39 silly CHANGE node_modules/npm/node_modules/@npmcli/config
40 silly REMOVE node_modules/npm/node_modules/@isaacs/balanced-match
41 silly CHANGE node_modules/npm/node_modules/which
42 silly REMOVE node_modules/npm/node_modules/@isaacs/brace-expansion
43 silly CHANGE node_modules/npm/node_modules/semver
44 silly REMOVE node_modules/npm/node_modules/strip-ansi
45 silly CHANGE node_modules/npm/node_modules/validate-npm-package-name
46 silly CHANGE node_modules/npm/node_modules/qrcode-terminal
47 silly CHANGE node_modules/npm/node_modules/tuf-js
48 silly CHANGE node_modules/npm/node_modules/tar
49 silly REMOVE node_modules/npm/node_modules/tar/node_modules/yallist
50 silly REMOVE node_modules/npm/node_modules/spdx-correct
51 silly REMOVE node_modules/npm/node_modules/spdx-correct/node_modules/spdx-expression-parse
52 silly CHANGE node_modules/npm/node_modules/ssri
53 silly CHANGE node_modules/npm/node_modules/sigstore
54 silly CHANGE node_modules/npm/node_modules/pacote
55 silly CHANGE node_modules/npm/node_modules/postcss-selector-parser
56 silly CHANGE node_modules/npm/node_modules/path-scurry
57 silly CHANGE node_modules/npm/node_modules/node-gyp
58 silly CHANGE node_modules/npm/node_modules/nopt
59 silly CHANGE node_modules/npm/node_modules/minipass-sized
60 silly REMOVE node_modules/npm/node_modules/minipass-sized/node_modules/minipass
61 silly CHANGE node_modules/npm/node_modules/minipass-fetch
62 silly CHANGE node_modules/npm/node_modules/minipass
63 silly CHANGE node_modules/npm/node_modules/minimatch
64 silly CHANGE node_modules/npm/node_modules/libnpmpack
65 silly CHANGE node_modules/npm/node_modules/libnpmdiff
66 silly CHANGE node_modules/npm/node_modules/lru-cache
67 silly REMOVE node_modules/npm/node_modules/is-fullwidth-code-point
68 silly CHANGE node_modules/npm/node_modules/libnpmexec
69 silly CHANGE node_modules/npm/node_modules/is-cidr
70 silly REMOVE node_modules/npm/node_modules/ip-regex
71 silly REMOVE node_modules/npm/node_modules/cli-columns
72 silly CHANGE node_modules/npm/node_modules/libnpmfund
73 silly CHANGE node_modules/npm/node_modules/isexe
74 silly CHANGE node_modules/npm/node_modules/diff
75 silly CHANGE node_modules/npm/node_modules/init-package-json
76 silly CHANGE node_modules/npm/node_modules/ip-address
77 silly REMOVE node_modules/npm/node_modules/emoji-regex
78 silly CHANGE node_modules/npm/node_modules/cidr-regex
79 silly CHANGE node_modules/npm/node_modules/glob
80 silly CHANGE node_modules/npm/node_modules/cssesc
81 silly CHANGE node_modules/npm/node_modules/common-ancestor-path
82 silly REMOVE node_modules/npm/node_modules/ansi-regex
83 silly CHANGE node_modules/npm/node_modules/ci-info
84 silly CHANGE node_modules/npm/node_modules/brace-expansion
85 silly CHANGE node_modules/npm/node_modules/balanced-match
86 verbose cwd /Users/xavierleffler/Projects/conference-realignment-tool
87 verbose os Darwin 24.6.0
88 verbose node v24.4.0
89 verbose npm  v11.6.4
90 verbose exit 0
91 info ok
