0 verbose cli /Users/xavierleffler/.nvm/versions/node/v24.4.0/bin/node /Users/xavierleffler/.nvm/versions/node/v24.4.0/bin/npm
1 info using npm@11.6.4
2 info using node@v24.4.0
3 silly config load:file:/Users/xavierleffler/.nvm/versions/node/v24.4.0/lib/node_modules/npm/npmrc
4 silly config load:file:/Users/xavierleffler/Projects/conference-realignment-tool/.npmrc
5 silly config load:file:/Users/xavierleffler/.npmrc
6 silly config load:file:/Users/xavierleffler/.nvm/versions/node/v24.4.0/etc/npmrc
7 verbose title npm install
8 verbose argv "install"
9 verbose logfile logs-max:10 dir:/Users/xavierleffler/Projects/conference-realignment-tool/.npm-cache/_logs/2026-02-21T23_19_14_260Z-
10 verbose logfile /Users/xavierleffler/Projects/conference-realignment-tool/.npm-cache/_logs/2026-02-21T23_19_14_260Z-debug-0.log
11 silly logfile done cleaning log files
12 silly packumentCache heap:4496293888 maxSize:1124073472 maxEntrySize:562036736
13 silly idealTree buildDeps
14 silly reify mark retired [
14 silly reify   '/Users/xavierleffler/Projects/conference-realignment-tool/node_modules/eslint/node_modules/glob-parent'
14 silly reify ]
15 silly reify mark retired [
15 silly reify   '/Users/xavierleffler/Projects/conference-realignment-tool/node_modules/fdir'
15 silly reify ]
16 silly reify mark retired [
16 silly reify   '/Users/xavierleffler/Projects/conference-realignment-tool/node_modules/glob-parent'
16 silly reify ]
17 silly reify mark retired [
17 silly reify   '/Users/xavierleffler/Projects/conference-realignment-tool/node_modules/globals'
17 silly reify ]
18 silly reify mark retired [
18 silly reify   '/Users/xavierleffler/Projects/conference-realignment-tool/node_modules/json5',
18 silly reify   '/Users/xavierleffler/Projects/conference-realignment-tool/node_modules/.bin/json5'
18 silly reify ]
19 silly reify mark retired [
19 silly reify   '/Users/xavierleffler/Projects/conference-realignment-tool/node_modules/micromatch/node_modules/picomatch'
19 silly reify ]
20 silly reify mark retired [
20 silly reify   '/Users/xavierleffler/Projects/conference-realignment-tool/node_modules/picomatch'
20 silly reify ]
21 silly reify mark retired [
21 silly reify   '/Users/xavierleffler/Projects/conference-realignment-tool/node_modules/@babel/core/node_modules/json5',
21 silly reify   '/Users/xavierleffler/Projects/conference-realignment-tool/node_modules/@babel/core/node_modules/.bin/json5'
21 silly reify ]
22 silly reify mark retired [
22 silly reify   '/Users/xavierleffler/Projects/conference-realignment-tool/node_modules/@eslint/eslintrc/node_modules/globals'
22 silly reify ]
23 silly reify moves {
23 silly reify   '/Users/xavierleffler/Projects/conference-realignment-tool/node_modules/eslint/node_modules/glob-parent': '/Users/xavierleffler/Projects/conference-realignment-tool/node_modules/eslint/node_modules/.glob-parent-KGXfu4Qf',
23 silly reify   '/Users/xavierleffler/Projects/conference-realignment-tool/node_modules/fdir': '/Users/xavierleffler/Projects/conference-realignment-tool/node_modules/.fdir-jEzIMtiE',
23 silly reify   '/Users/xavierleffler/Projects/conference-realignment-tool/node_modules/glob-parent': '/Users/xavierleffler/Projects/conference-realignment-tool/node_modules/.glob-parent-bD3sxtGN',
23 silly reify   '/Users/xavierleffler/Projects/conference-realignment-tool/node_modules/globals': '/Users/xavierleffler/Projects/conference-realignment-tool/node_modules/.globals-15mYpb7l',
23 silly reify   '/Users/xavierleffler/Projects/conference-realignment-tool/node_modules/json5': '/Users/xavierleffler/Projects/conference-realignment-tool/node_modules/.json5-qY4h7LUW',
23 silly reify   '/Users/xavierleffler/Projects/conference-realignment-tool/node_modules/.bin/json5': '/Users/xavierleffler/Projects/conference-realignment-tool/node_modules/.bin/.json5-zILbII7P',
23 silly reify   '/Users/xavierleffler/Projects/conference-realignment-tool/node_modules/micromatch/node_modules/picomatch': '/Users/xavierleffler/Projects/conference-realignment-tool/node_modules/micromatch/node_modules/.picomatch-MRF6bbpJ',
23 silly reify   '/Users/xavierleffler/Projects/conference-realignment-tool/node_modules/picomatch': '/Users/xavierleffler/Projects/conference-realignment-tool/node_modules/.picomatch-Zfylepya',
23 silly reify   '/Users/xavierleffler/Projects/conference-realignment-tool/node_modules/@babel/core/node_modules/json5': '/Users/xavierleffler/Projects/conference-realignment-tool/node_modules/@babel/core/node_modules/.json5-7d6A6snw',
23 silly reify   '/Users/xavierleffler/Projects/conference-realignment-tool/node_modules/@babel/core/node_modules/.bin/json5': '/Users/xavierleffler/Projects/conference-realignment-tool/node_modules/@babel/core/node_modules/.bin/.json5-uY6AQMKd',
23 silly reify   '/Users/xavierleffler/Projects/conference-realignment-tool/node_modules/@eslint/eslintrc/node_modules/globals': '/Users/xavierleffler/Projects/conference-realignment-tool/node_modules/@eslint/eslintrc/node_modules/.globals-5G3Vnjc8'
23 silly reify }
24 silly audit bulk request {
24 silly audit   '@alloc/quick-lru': [ '5.2.0' ],
24 silly audit   '@babel/code-frame': [ '7.27.1' ],
24 silly audit   '@babel/compat-data': [ '7.28.5' ],
24 silly audit   '@babel/core': [ '7.28.5' ],
24 silly audit   '@babel/generator': [ '7.28.5' ],
24 silly audit   '@babel/helper-compilation-targets': [ '7.27.2' ],
24 silly audit   '@babel/helper-globals': [ '7.28.0' ],
24 silly audit   '@babel/helper-module-imports': [ '7.27.1' ],
24 silly audit   '@babel/helper-module-transforms': [ '7.28.3' ],
24 silly audit   '@babel/helper-string-parser': [ '7.27.1' ],
24 silly audit   '@babel/helper-validator-identifier': [ '7.28.5' ],
24 silly audit   '@babel/helper-validator-option': [ '7.27.1' ],
24 silly audit   '@babel/helpers': [ '7.28.4' ],
24 silly audit   '@babel/parser': [ '7.28.5' ],
24 silly audit   '@babel/template': [ '7.27.2' ],
24 silly audit   '@babel/traverse': [ '7.28.5' ],
24 silly audit   '@babel/types': [ '7.28.5' ],
24 silly audit   '@emnapi/core': [ '1.7.1' ],
24 silly audit   '@emnapi/runtime': [ '1.7.1' ],
24 silly audit   '@emnapi/wasi-threads': [ '1.1.0' ],
24 silly audit   '@eslint-community/eslint-utils': [ '4.9.0' ],
24 silly audit   'eslint-visitor-keys': [ '3.4.3', '4.2.1' ],
24 silly audit   '@eslint-community/regexpp': [ '4.12.2' ],
24 silly audit   '@eslint/config-array': [ '0.21.1' ],
24 silly audit   '@eslint/config-helpers': [ '0.4.2' ],
24 silly audit   '@eslint/core': [ '0.17.0' ],
24 silly audit   '@eslint/eslintrc': [ '3.3.3' ],
24 silly audit   '@eslint/js': [ '9.39.1' ],
24 silly audit   '@eslint/object-schema': [ '2.1.7' ],
24 silly audit   '@eslint/plugin-kit': [ '0.4.1' ],
24 silly audit   '@humanfs/core': [ '0.19.1' ],
24 silly audit   '@humanfs/node': [ '0.16.7' ],
24 silly audit   '@humanwhocodes/module-importer': [ '1.0.1' ],
24 silly audit   '@humanwhocodes/retry': [ '0.4.3' ],
24 silly audit   '@img/colour': [ '1.0.0' ],
24 silly audit   '@img/sharp-darwin-arm64': [ '0.34.5' ],
24 silly audit   '@img/sharp-darwin-x64': [ '0.34.5' ],
24 silly audit   '@img/sharp-libvips-darwin-arm64': [ '1.2.4' ],
24 silly audit   '@img/sharp-libvips-darwin-x64': [ '1.2.4' ],
24 silly audit   '@img/sharp-libvips-linux-arm': [ '1.2.4' ],
24 silly audit   '@img/sharp-libvips-linux-arm64': [ '1.2.4' ],
24 silly audit   '@img/sharp-libvips-linux-ppc64': [ '1.2.4' ],
24 silly audit   '@img/sharp-libvips-linux-riscv64': [ '1.2.4' ],
24 silly audit   '@img/sharp-libvips-linux-s390x': [ '1.2.4' ],
24 silly audit   '@img/sharp-libvips-linux-x64': [ '1.2.4' ],
24 silly audit   '@img/sharp-libvips-linuxmusl-arm64': [ '1.2.4' ],
24 silly audit   '@img/sharp-libvips-linuxmusl-x64': [ '1.2.4' ],
24 silly audit   '@img/sharp-linux-arm': [ '0.34.5' ],
24 silly audit   '@img/sharp-linux-arm64': [ '0.34.5' ],
24 silly audit   '@img/sharp-linux-ppc64': [ '0.34.5' ],
24 silly audit   '@img/sharp-linux-riscv64': [ '0.34.5' ],
24 silly audit   '@img/sharp-linux-s390x': [ '0.34.5' ],
24 silly audit   '@img/sharp-linux-x64': [ '0.34.5' ],
24 silly audit   '@img/sharp-linuxmusl-arm64': [ '0.34.5' ],
24 silly audit   '@img/sharp-linuxmusl-x64': [ '0.34.5' ],
24 silly audit   '@img/sharp-wasm32': [ '0.34.5' ],
24 silly audit   '@img/sharp-win32-arm64': [ '0.34.5' ],
24 silly audit   '@img/sharp-win32-ia32': [ '0.34.5' ],
24 silly audit   '@img/sharp-win32-x64': [ '0.34.5' ],
24 silly audit   '@jridgewell/gen-mapping': [ '0.3.13' ],
24 silly audit   '@jridgewell/remapping': [ '2.3.5' ],
24 silly audit   '@jridgewell/resolve-uri': [ '3.1.2' ],
24 silly audit   '@jridgewell/sourcemap-codec': [ '1.5.5' ],
24 silly audit   '@jridgewell/trace-mapping': [ '0.3.31' ],
24 silly audit   '@napi-rs/wasm-runtime': [ '0.2.12' ],
24 silly audit   '@next/env': [ '16.0.6' ],
24 silly audit   '@next/eslint-plugin-next': [ '16.0.6' ],
24 silly audit   '@next/swc-darwin-arm64': [ '16.0.6' ],
24 silly audit   '@next/swc-darwin-x64': [ '16.0.6' ],
24 silly audit   '@next/swc-linux-arm64-gnu': [ '16.0.6' ],
24 silly audit   '@next/swc-linux-arm64-musl': [ '16.0.6' ],
24 silly audit   '@next/swc-linux-x64-gnu': [ '16.0.6' ],
24 silly audit   '@next/swc-linux-x64-musl': [ '16.0.6' ],
24 silly audit   '@next/swc-win32-arm64-msvc': [ '16.0.6' ],
24 silly audit   '@next/swc-win32-x64-msvc': [ '16.0.6' ],
24 silly audit   '@nodelib/fs.scandir': [ '2.1.5' ],
24 silly audit   '@nodelib/fs.stat': [ '2.0.5' ],
24 silly audit   '@nodelib/fs.walk': [ '1.2.8' ],
24 silly audit   '@nolyfill/is-core-module': [ '1.0.39' ],
24 silly audit   '@rtsao/scc': [ '1.1.0' ],
24 silly audit   '@swc/helpers': [ '0.5.15' ],
24 silly audit   '@tailwindcss/node': [ '4.1.17' ],
24 silly audit   '@tailwindcss/oxide': [ '4.1.17' ],
24 silly audit   '@tailwindcss/oxide-android-arm64': [ '4.1.17' ],
24 silly audit   '@tailwindcss/oxide-darwin-arm64': [ '4.1.17' ],
24 silly audit   '@tailwindcss/oxide-darwin-x64': [ '4.1.17' ],
24 silly audit   '@tailwindcss/oxide-freebsd-x64': [ '4.1.17' ],
24 silly audit   '@tailwindcss/oxide-linux-arm-gnueabihf': [ '4.1.17' ],
24 silly audit   '@tailwindcss/oxide-linux-arm64-gnu': [ '4.1.17' ],
24 silly audit   '@tailwindcss/oxide-linux-arm64-musl': [ '4.1.17' ],
24 silly audit   '@tailwindcss/oxide-linux-x64-gnu': [ '4.1.17' ],
24 silly audit   '@tailwindcss/oxide-linux-x64-musl': [ '4.1.17' ],
24 silly audit   '@tailwindcss/oxide-wasm32-wasi': [ '4.1.17' ],
24 silly audit   '@tailwindcss/oxide-win32-arm64-msvc': [ '4.1.17' ],
24 silly audit   '@tailwindcss/oxide-win32-x64-msvc': [ '4.1.17' ],
24 silly audit   '@tailwindcss/postcss': [ '4.1.17' ],
24 silly audit   '@tybys/wasm-util': [ '0.10.1' ],
24 silly audit   '@types/estree': [ '1.0.8' ],
24 silly audit   '@types/json-schema': [ '7.0.15' ],
24 silly audit   '@types/json5': [ '0.0.29' ],
24 silly audit   '@types/node': [ '20.19.25' ],
24 silly audit   '@types/react': [ '19.2.7' ],
24 silly audit   '@types/react-dom': [ '19.2.3' ],
24 silly audit   '@typescript-eslint/eslint-plugin': [ '8.48.1' ],
24 silly audit   ignore: [ '7.0.5', '5.3.2' ],
24 silly audit   '@typescript-eslint/parser': [ '8.48.1' ],
24 silly audit   '@typescript-eslint/project-service': [ '8.48.1' ],
24 silly audit   '@typescript-eslint/scope-manager': [ '8.48.1' ],
24 silly audit   '@typescript-eslint/tsconfig-utils': [ '8.48.1' ],
24 silly audit   '@typescript-eslint/type-utils': [ '8.48.1' ],
24 silly audit   '@typescript-eslint/types': [ '8.48.1' ],
24 silly audit   '@typescript-eslint/typescript-estree': [ '8.48.1' ],
24 silly audit   'brace-expansion': [ '2.0.2', '1.1.12' ],
24 silly audit   minimatch: [ '9.0.5', '3.1.2' ],
24 silly audit   semver: [ '7.7.3', '6.3.1' ],
24 silly audit   '@typescript-eslint/utils': [ '8.48.1' ],
24 silly audit   '@typescript-eslint/visitor-keys': [ '8.48.1' ],
24 silly audit   '@unrs/resolver-binding-android-arm-eabi': [ '1.11.1' ],
24 silly audit   '@unrs/resolver-binding-android-arm64': [ '1.11.1' ],
24 silly audit   '@unrs/resolver-binding-darwin-arm64': [ '1.11.1' ],
24 silly audit   '@unrs/resolver-binding-darwin-x64': [ '1.11.1' ],
24 silly audit   '@unrs/resolver-binding-freebsd-x64': [ '1.11.1' ],
24 silly audit   '@unrs/resolver-binding-linux-arm-gnueabihf': [ '1.11.1' ],
24 silly audit   '@unrs/resolver-binding-linux-arm-musleabihf': [ '1.11.1' ],
24 silly audit   '@unrs/resolver-binding-linux-arm64-gnu': [ '1.11.1' ],
24 silly audit   '@unrs/resolver-binding-linux-arm64-musl': [ '1.11.1' ],
24 silly audit   '@unrs/resolver-binding-linux-ppc64-gnu': [ '1.11.1' ],
24 silly audit   '@unrs/resolver-binding-linux-riscv64-gnu': [ '1.11.1' ],
24 silly audit   '@unrs/resolver-binding-linux-riscv64-musl': [ '1.11.1' ],
24 silly audit   '@unrs/resolver-binding-linux-s390x-gnu': [ '1.11.1' ],
24 silly audit   '@unrs/resolver-binding-linux-x64-gnu': [ '1.11.1' ],
24 silly audit   '@unrs/resolver-binding-linux-x64-musl': [ '1.11.1' ],
24 silly audit   '@unrs/resolver-binding-wasm32-wasi': [ '1.11.1' ],
24 silly audit   '@unrs/resolver-binding-win32-arm64-msvc': [ '1.11.1' ],
24 silly audit   '@unrs/resolver-binding-win32-ia32-msvc': [ '1.11.1' ],
24 silly audit   '@unrs/resolver-binding-win32-x64-msvc': [ '1.11.1' ],
24 silly audit   acorn: [ '8.15.0' ],
24 silly audit   'acorn-jsx': [ '5.3.2' ],
24 silly audit   ajv: [ '6.12.6' ],
24 silly audit   'ansi-styles': [ '4.3.0' ],
24 silly audit   argparse: [ '2.0.1' ],
24 silly audit   'aria-query': [ '5.3.2' ],
24 silly audit   'array-buffer-byte-length': [ '1.0.2' ],
24 silly audit   'array-includes': [ '3.1.9' ],
24 silly audit   'array.prototype.findlast': [ '1.2.5' ],
24 silly audit   'array.prototype.findlastindex': [ '1.2.6' ],
24 silly audit   'array.prototype.flat': [ '1.3.3' ],
24 silly audit   'array.prototype.flatmap': [ '1.3.3' ],
24 silly audit   'array.prototype.tosorted': [ '1.1.4' ],
24 silly audit   'arraybuffer.prototype.slice': [ '1.0.4' ],
24 silly audit   'ast-types-flow': [ '0.0.8' ],
24 silly audit   'async-function': [ '1.0.0' ],
24 silly audit   'available-typed-arrays': [ '1.0.7' ],
24 silly audit   'axe-core': [ '4.11.0' ],
24 silly audit   'axobject-query': [ '4.1.0' ],
24 silly audit   'balanced-match': [ '1.0.2' ],
24 silly audit   'baseline-browser-mapping': [ '2.8.32' ],
24 silly audit   braces: [ '3.0.3' ],
24 silly audit   browserslist: [ '4.28.0' ],
24 silly audit   'call-bind': [ '1.0.8' ],
24 silly audit   'call-bind-apply-helpers': [ '1.0.2' ],
24 silly audit   'call-bound': [ '1.0.4' ],
24 silly audit   callsites: [ '3.1.0' ],
24 silly audit   'caniuse-lite': [ '1.0.30001757' ],
24 silly audit   chalk: [ '4.1.2' ],
24 silly audit   'client-only': [ '0.0.1' ],
24 silly audit   'color-convert': [ '2.0.1' ],
24 silly audit   'color-name': [ '1.1.4' ],
24 silly audit   'concat-map': [ '0.0.1' ],
24 silly audit   'convert-source-map': [ '2.0.0' ],
24 silly audit   'cross-spawn': [ '7.0.6' ],
24 silly audit   csstype: [ '3.2.3' ],
24 silly audit   'damerau-levenshtein': [ '1.0.8' ],
24 silly audit   'data-view-buffer': [ '1.0.2' ],
24 silly audit   'data-view-byte-length': [ '1.0.2' ],
24 silly audit   'data-view-byte-offset': [ '1.0.1' ],
24 silly audit   debug: [ '4.4.3', '3.2.7' ],
24 silly audit   'deep-is': [ '0.1.4' ],
24 silly audit   'define-data-property': [ '1.1.4' ],
24 silly audit   'define-properties': [ '1.2.1' ],
24 silly audit   'detect-libc': [ '2.1.2' ],
24 silly audit   doctrine: [ '2.1.0' ],
24 silly audit   'dunder-proto': [ '1.0.1' ],
24 silly audit   'electron-to-chromium': [ '1.5.263' ],
24 silly audit   'emoji-regex': [ '9.2.2' ],
24 silly audit   'enhanced-resolve': [ '5.18.3' ],
24 silly audit   'es-abstract': [ '1.24.0' ],
24 silly audit   'es-define-property': [ '1.0.1' ],
24 silly audit   'es-errors': [ '1.3.0' ],
24 silly audit   'es-iterator-helpers': [ '1.2.1' ],
24 silly audit   'es-object-atoms': [ '1.1.1' ],
24 silly audit   'es-set-tostringtag': [ '2.1.0' ],
24 silly audit   'es-shim-unscopables': [ '1.1.0' ],
24 silly audit   'es-to-primitive': [ '1.3.0' ],
24 silly audit   escalade: [ '3.2.0' ],
24 silly audit   'escape-string-regexp': [ '4.0.0' ],
24 silly audit   eslint: [ '9.39.1' ],
24 silly audit   'eslint-config-next': [ '16.0.6' ],
24 silly audit   globals: [ '16.4.0', '14.0.0' ],
24 silly audit   'eslint-import-resolver-node': [ '0.3.9' ],
24 silly audit   'eslint-import-resolver-typescript': [ '3.10.1' ],
24 silly audit   'eslint-module-utils': [ '2.12.1' ],
24 silly audit   'eslint-plugin-import': [ '2.32.0' ],
24 silly audit   'eslint-plugin-jsx-a11y': [ '6.10.2' ],
24 silly audit   'eslint-plugin-react': [ '7.37.5' ],
24 silly audit   'eslint-plugin-react-hooks': [ '7.0.1' ],
24 silly audit   resolve: [ '2.0.0-next.5', '1.22.11' ],
24 silly audit   'eslint-scope': [ '8.4.0' ],
24 silly audit   espree: [ '10.4.0' ],
24 silly audit   esquery: [ '1.6.0' ],
24 silly audit   esrecurse: [ '4.3.0' ],
24 silly audit   estraverse: [ '5.3.0' ],
24 silly audit   esutils: [ '2.0.3' ],
24 silly audit   'fast-deep-equal': [ '3.1.3' ],
24 silly audit   'fast-glob': [ '3.3.1' ],
24 silly audit   'glob-parent': [ '5.1.2', '6.0.2' ],
24 silly audit   'fast-json-stable-stringify': [ '2.1.0' ],
24 silly audit   'fast-levenshtein': [ '2.0.6' ],
24 silly audit   fastq: [ '1.19.1' ],
24 silly audit   'file-entry-cache': [ '8.0.0' ],
24 silly audit   'fill-range': [ '7.1.1' ],
24 silly audit   'find-up': [ '5.0.0' ],
24 silly audit   'flat-cache': [ '4.0.1' ],
24 silly audit   flatted: [ '3.3.3' ],
24 silly audit   'for-each': [ '0.3.5' ],
24 silly audit   'function-bind': [ '1.1.2' ],
24 silly audit   'function.prototype.name': [ '1.1.8' ],
24 silly audit   'functions-have-names': [ '1.2.3' ],
24 silly audit   'generator-function': [ '2.0.1' ],
24 silly audit   gensync: [ '1.0.0-beta.2' ],
24 silly audit   'get-intrinsic': [ '1.3.0' ],
24 silly audit   'get-proto': [ '1.0.1' ],
24 silly audit   'get-symbol-description': [ '1.1.0' ],
24 silly audit   'get-tsconfig': [ '4.13.0' ],
24 silly audit   globalthis: [ '1.0.4' ],
24 silly audit   gopd: [ '1.2.0' ],
24 silly audit   'graceful-fs': [ '4.2.11' ],
24 silly audit   graphemer: [ '1.4.0' ],
24 silly audit   'has-bigints': [ '1.1.0' ],
24 silly audit   'has-flag': [ '4.0.0' ],
24 silly audit   'has-property-descriptors': [ '1.0.2' ],
24 silly audit   'has-proto': [ '1.2.0' ],
24 silly audit   'has-symbols': [ '1.1.0' ],
24 silly audit   'has-tostringtag': [ '1.0.2' ],
24 silly audit   hasown: [ '2.0.2' ],
24 silly audit   'hermes-estree': [ '0.25.1' ],
24 silly audit   'hermes-parser': [ '0.25.1' ],
24 silly audit   'import-fresh': [ '3.3.1' ],
24 silly audit   imurmurhash: [ '0.1.4' ],
24 silly audit   'internal-slot': [ '1.1.0' ],
24 silly audit   'is-array-buffer': [ '3.0.5' ],
24 silly audit   'is-async-function': [ '2.1.1' ],
24 silly audit   'is-bigint': [ '1.1.0' ],
24 silly audit   'is-boolean-object': [ '1.2.2' ],
24 silly audit   'is-bun-module': [ '2.0.0' ],
24 silly audit   'is-callable': [ '1.2.7' ],
24 silly audit   'is-core-module': [ '2.16.1' ],
24 silly audit   'is-data-view': [ '1.0.2' ],
24 silly audit   'is-date-object': [ '1.1.0' ],
24 silly audit   'is-extglob': [ '2.1.1' ],
24 silly audit   'is-finalizationregistry': [ '1.1.1' ],
24 silly audit   'is-generator-function': [ '1.1.2' ],
24 silly audit   'is-glob': [ '4.0.3' ],
24 silly audit   'is-map': [ '2.0.3' ],
24 silly audit   'is-negative-zero': [ '2.0.3' ],
24 silly audit   'is-number': [ '7.0.0' ],
24 silly audit   'is-number-object': [ '1.1.1' ],
24 silly audit   'is-regex': [ '1.2.1' ],
24 silly audit   'is-set': [ '2.0.3' ],
24 silly audit   'is-shared-array-buffer': [ '1.0.4' ],
24 silly audit   'is-string': [ '1.1.1' ],
24 silly audit   'is-symbol': [ '1.1.1' ],
24 silly audit   'is-typed-array': [ '1.1.15' ],
24 silly audit   'is-weakmap': [ '2.0.2' ],
24 silly audit   'is-weakref': [ '1.1.1' ],
24 silly audit   'is-weakset': [ '2.0.4' ],
24 silly audit   isarray: [ '2.0.5' ],
24 silly audit   isexe: [ '2.0.0' ],
24 silly audit   'iterator.prototype': [ '1.1.5' ],
24 silly audit   jiti: [ '2.6.1' ],
24 silly audit   'js-tokens': [ '4.0.0' ],
24 silly audit   'js-yaml': [ '4.1.1' ],
24 silly audit   jsesc: [ '3.1.0' ],
24 silly audit   'json-buffer': [ '3.0.1' ],
24 silly audit   'json-schema-traverse': [ '0.4.1' ],
24 silly audit   'json-stable-stringify-without-jsonify': [ '1.0.1' ],
24 silly audit   json5: [ '2.2.3', '1.0.2' ],
24 silly audit   'jsx-ast-utils': [ '3.3.5' ],
24 silly audit   keyv: [ '4.5.4' ],
24 silly audit   'language-subtag-registry': [ '0.3.23' ],
24 silly audit   'language-tags': [ '1.0.9' ],
24 silly audit   levn: [ '0.4.1' ],
24 silly audit   lightningcss: [ '1.30.2' ],
24 silly audit   'lightningcss-android-arm64': [ '1.30.2' ],
24 silly audit   'lightningcss-darwin-arm64': [ '1.30.2' ],
24 silly audit   'lightningcss-darwin-x64': [ '1.30.2' ],
24 silly audit   'lightningcss-freebsd-x64': [ '1.30.2' ],
24 silly audit   'lightningcss-linux-arm-gnueabihf': [ '1.30.2' ],
24 silly audit   'lightningcss-linux-arm64-gnu': [ '1.30.2' ],
24 silly audit   'lightningcss-linux-arm64-musl': [ '1.30.2' ],
24 silly audit   'lightningcss-linux-x64-gnu': [ '1.30.2' ],
24 silly audit   'lightningcss-linux-x64-musl': [ '1.30.2' ],
24 silly audit   'lightningcss-win32-arm64-msvc': [ '1.30.2' ],
24 silly audit   'lightningcss-win32-x64-msvc': [ '1.30.2' ],
24 silly audit   'locate-path': [ '6.0.0' ],
24 silly audit   'lodash.merge': [ '4.6.2' ],
24 silly audit   'loose-envify': [ '1.4.0' ],
24 silly audit   'lru-cache': [ '5.1.1' ],
24 silly audit   'magic-string': [ '0.30.21' ],
24 silly audit   'math-intrinsics': [ '1.1.0' ],
24 silly audit   merge2: [ '1.4.1' ],
24 silly audit   micromatch: [ '4.0.8' ],
24 silly audit   minimist: [ '1.2.8' ],
24 silly audit   ms: [ '2.1.3' ],
24 silly audit   nanoid: [ '3.3.11' ],
24 silly audit   'napi-postinstall': [ '0.3.4' ],
24 silly audit   'natural-compare': [ '1.4.0' ],
24 silly audit   next: [ '16.0.6' ],
24 silly audit   postcss: [ '8.4.31', '8.5.6' ],
24 silly audit   'node-releases': [ '2.0.27' ],
24 silly audit   'object-assign': [ '4.1.1' ],
24 silly audit   'object-inspect': [ '1.13.4' ],
24 silly audit   'object-keys': [ '1.1.1' ],
24 silly audit   'object.assign': [ '4.1.7' ],
24 silly audit   'object.entries': [ '1.1.9' ],
24 silly audit   'object.fromentries': [ '2.0.8' ],
24 silly audit   'object.groupby': [ '1.0.3' ],
24 silly audit   'object.values': [ '1.2.1' ],
24 silly audit   optionator: [ '0.9.4' ],
24 silly audit   'own-keys': [ '1.0.1' ],
24 silly audit   'p-limit': [ '3.1.0' ],
24 silly audit   'p-locate': [ '5.0.0' ],
24 silly audit   'parent-module': [ '1.0.1' ],
24 silly audit   'path-exists': [ '4.0.0' ],
24 silly audit   'path-key': [ '3.1.1' ],
24 silly audit   'path-parse': [ '1.0.7' ],
24 silly audit   picocolors: [ '1.1.1' ],
24 silly audit   picomatch: [ '2.3.1', '4.0.3' ],
24 silly audit   'possible-typed-array-names': [ '1.1.0' ],
24 silly audit   'prelude-ls': [ '1.2.1' ],
24 silly audit   'prop-types': [ '15.8.1' ],
24 silly audit   punycode: [ '2.3.1' ],
24 silly audit   'queue-microtask': [ '1.2.3' ],
24 silly audit   react: [ '19.2.0' ],
24 silly audit   'react-dom': [ '19.2.0' ],
24 silly audit   'react-is': [ '16.13.1' ],
24 silly audit   'reflect.getprototypeof': [ '1.0.10' ],
24 silly audit   'regexp.prototype.flags': [ '1.5.4' ],
24 silly audit   'resolve-from': [ '4.0.0' ],
24 silly audit   'resolve-pkg-maps': [ '1.0.0' ],
24 silly audit   reusify: [ '1.1.0' ],
24 silly audit   'run-parallel': [ '1.2.0' ],
24 silly audit   'safe-array-concat': [ '1.1.3' ],
24 silly audit   'safe-push-apply': [ '1.0.0' ],
24 silly audit   'safe-regex-test': [ '1.1.0' ],
24 silly audit   scheduler: [ '0.27.0' ],
24 silly audit   'set-function-length': [ '1.2.2' ],
24 silly audit   'set-function-name': [ '2.0.2' ],
24 silly audit   'set-proto': [ '1.0.0' ],
24 silly audit   sharp: [ '0.34.5' ],
24 silly audit   'shebang-command': [ '2.0.0' ],
24 silly audit   'shebang-regex': [ '3.0.0' ],
24 silly audit   'side-channel': [ '1.1.0' ],
24 silly audit   'side-channel-list': [ '1.0.0' ],
24 silly audit   'side-channel-map': [ '1.0.1' ],
24 silly audit   'side-channel-weakmap': [ '1.0.2' ],
24 silly audit   'source-map-js': [ '1.2.1' ],
24 silly audit   'stable-hash': [ '0.0.5' ],
24 silly audit   'stop-iteration-iterator': [ '1.1.0' ],
24 silly audit   'string.prototype.includes': [ '2.0.1' ],
24 silly audit   'string.prototype.matchall': [ '4.0.12' ],
24 silly audit   'string.prototype.repeat': [ '1.0.0' ],
24 silly audit   'string.prototype.trim': [ '1.2.10' ],
24 silly audit   'string.prototype.trimend': [ '1.0.9' ],
24 silly audit   'string.prototype.trimstart': [ '1.0.8' ],
24 silly audit   'strip-bom': [ '3.0.0' ],
24 silly audit   'strip-json-comments': [ '3.1.1' ],
24 silly audit   'styled-jsx': [ '5.1.6' ],
24 silly audit   'supports-color': [ '7.2.0' ],
24 silly audit   'supports-preserve-symlinks-flag': [ '1.0.0' ],
24 silly audit   tailwindcss: [ '4.1.17' ],
24 silly audit   tapable: [ '2.3.0' ],
24 silly audit   tinyglobby: [ '0.2.15' ],
24 silly audit   fdir: [ '6.5.0' ],
24 silly audit   'to-regex-range': [ '5.0.1' ],
24 silly audit   'ts-api-utils': [ '2.1.0' ],
24 silly audit   'tsconfig-paths': [ '3.15.0' ],
24 silly audit   tslib: [ '2.8.1' ],
24 silly audit   'type-check': [ '0.4.0' ],
24 silly audit   'typed-array-buffer': [ '1.0.3' ],
24 silly audit   'typed-array-byte-length': [ '1.0.3' ],
24 silly audit   'typed-array-byte-offset': [ '1.0.4' ],
24 silly audit   'typed-array-length': [ '1.0.7' ],
24 silly audit   typescript: [ '5.9.3' ],
24 silly audit   'typescript-eslint': [ '8.48.1' ],
24 silly audit   'unbox-primitive': [ '1.1.0' ],
24 silly audit   'undici-types': [ '6.21.0' ],
24 silly audit   'unrs-resolver': [ '1.11.1' ],
24 silly audit   'update-browserslist-db': [ '1.1.4' ],
24 silly audit   'uri-js': [ '4.4.1' ],
24 silly audit   which: [ '2.0.2' ],
24 silly audit   'which-boxed-primitive': [ '1.1.1' ],
24 silly audit   'which-builtin-type': [ '1.2.1' ],
24 silly audit   'which-collection': [ '1.0.2' ],
24 silly audit   'which-typed-array': [ '1.1.19' ],
24 silly audit   'word-wrap': [ '1.2.5' ],
24 silly audit   yallist: [ '3.1.1' ],
24 silly audit   'yocto-queue': [ '0.1.0' ],
24 silly audit   zod: [ '4.1.13' ],
24 silly audit   'zod-validation-error': [ '4.0.2' ]
24 silly audit }
25 http cache @emnapi/runtime@https://registry.npmjs.org/@emnapi/runtime/-/runtime-1.7.1.tgz 0ms (cache hit)
26 http cache picomatch@https://registry.npmjs.org/picomatch/-/picomatch-2.3.1.tgz 0ms (cache hit)
27 http cache @emnapi/core@https://registry.npmjs.org/@emnapi/core/-/core-1.7.1.tgz 0ms (cache hit)
28 http cache @emnapi/wasi-threads@https://registry.npmjs.org/@emnapi/wasi-threads/-/wasi-threads-1.1.0.tgz 0ms (cache hit)
29 http cache globals@https://registry.npmjs.org/globals/-/globals-14.0.0.tgz 0ms (cache hit)
30 http cache glob-parent@https://registry.npmjs.org/glob-parent/-/glob-parent-6.0.2.tgz 0ms (cache hit)
31 http cache @tybys/wasm-util@https://registry.npmjs.org/@tybys/wasm-util/-/wasm-util-0.10.1.tgz 0ms (cache hit)
32 http cache fdir@https://registry.npmjs.org/fdir/-/fdir-6.5.0.tgz 0ms (cache hit)
33 http cache @napi-rs/wasm-runtime@https://registry.npmjs.org/@napi-rs/wasm-runtime/-/wasm-runtime-0.2.12.tgz 0ms (cache hit)
34 http cache json5@https://registry.npmjs.org/json5/-/json5-2.2.3.tgz 0ms (cache hit)
35 http cache glob-parent@https://registry.npmjs.org/glob-parent/-/glob-parent-5.1.2.tgz 0ms (cache hit)
36 http cache json5@https://registry.npmjs.org/json5/-/json5-1.0.2.tgz 0ms (cache hit)
37 http cache globals@https://registry.npmjs.org/globals/-/globals-16.4.0.tgz 0ms (cache hit)
38 http cache picomatch@https://registry.npmjs.org/picomatch/-/picomatch-4.0.3.tgz 0ms (cache hit)
39 silly tarball no local data for @emnapi/runtime@https://registry.npmjs.org/@emnapi/runtime/-/runtime-1.7.1.tgz. Extracting by manifest.
40 silly tarball no local data for picomatch@https://registry.npmjs.org/picomatch/-/picomatch-2.3.1.tgz. Extracting by manifest.
41 silly tarball no local data for @emnapi/core@https://registry.npmjs.org/@emnapi/core/-/core-1.7.1.tgz. Extracting by manifest.
42 silly tarball no local data for @emnapi/wasi-threads@https://registry.npmjs.org/@emnapi/wasi-threads/-/wasi-threads-1.1.0.tgz. Extracting by manifest.
43 silly tarball no local data for globals@https://registry.npmjs.org/globals/-/globals-14.0.0.tgz. Extracting by manifest.
44 silly tarball no local data for glob-parent@https://registry.npmjs.org/glob-parent/-/glob-parent-6.0.2.tgz. Extracting by manifest.
45 silly tarball no local data for @tybys/wasm-util@https://registry.npmjs.org/@tybys/wasm-util/-/wasm-util-0.10.1.tgz. Extracting by manifest.
46 silly tarball no local data for fdir@https://registry.npmjs.org/fdir/-/fdir-6.5.0.tgz. Extracting by manifest.
47 silly tarball no local data for @napi-rs/wasm-runtime@https://registry.npmjs.org/@napi-rs/wasm-runtime/-/wasm-runtime-0.2.12.tgz. Extracting by manifest.
48 silly tarball no local data for json5@https://registry.npmjs.org/json5/-/json5-2.2.3.tgz. Extracting by manifest.
49 silly tarball no local data for glob-parent@https://registry.npmjs.org/glob-parent/-/glob-parent-5.1.2.tgz. Extracting by manifest.
50 silly tarball no local data for json5@https://registry.npmjs.org/json5/-/json5-1.0.2.tgz. Extracting by manifest.
51 silly tarball no local data for globals@https://registry.npmjs.org/globals/-/globals-16.4.0.tgz. Extracting by manifest.
52 silly tarball no local data for picomatch@https://registry.npmjs.org/picomatch/-/picomatch-4.0.3.tgz. Extracting by manifest.
53 http fetch GET 200 https://registry.npmjs.org/npm 254ms
54 http fetch GET 200 https://registry.npmjs.org/picomatch/-/picomatch-4.0.3.tgz 71ms (cache miss)
55 http fetch GET 200 https://registry.npmjs.org/glob-parent/-/glob-parent-6.0.2.tgz 122ms (cache miss)
56 http fetch GET 200 https://registry.npmjs.org/fdir/-/fdir-6.5.0.tgz 126ms (cache miss)
57 http fetch GET 200 https://registry.npmjs.org/glob-parent/-/glob-parent-5.1.2.tgz 128ms (cache miss)
58 http fetch GET 200 https://registry.npmjs.org/globals/-/globals-14.0.0.tgz 132ms (cache miss)
59 http fetch GET 200 https://registry.npmjs.org/globals/-/globals-16.4.0.tgz 132ms (cache miss)
60 http fetch GET 200 https://registry.npmjs.org/picomatch/-/picomatch-2.3.1.tgz 141ms (cache miss)
61 http fetch GET 200 https://registry.npmjs.org/json5/-/json5-1.0.2.tgz 138ms (cache miss)
62 http fetch POST 200 https://registry.npmjs.org/-/npm/v1/security/advisories/bulk 166ms
63 silly audit report {
63 silly audit report   minimatch: [
63 silly audit report     {
63 silly audit report       id: 1113371,
63 silly audit report       url: 'https://github.com/advisories/GHSA-3ppc-4f35-3m26',
63 silly audit report       title: 'minimatch has a ReDoS via repeated wildcards with non-matching literal in pattern',
63 silly audit report       severity: 'high',
63 silly audit report       vulnerable_versions: '<10.2.1',
63 silly audit report       cwe: [Array],
63 silly audit report       cvss: [Object]
63 silly audit report     }
63 silly audit report   ],
63 silly audit report   ajv: [
63 silly audit report     {
63 silly audit report       id: 1113398,
63 silly audit report       url: 'https://github.com/advisories/GHSA-2g4f-4pwh-qvx6',
63 silly audit report       title: 'ajv has ReDoS when using `$data` option',
63 silly audit report       severity: 'moderate',
63 silly audit report       vulnerable_versions: '<6.14.0',
63 silly audit report       cwe: [Array],
63 silly audit report       cvss: [Object]
63 silly audit report     }
63 silly audit report   ],
63 silly audit report   next: [
63 silly audit report     {
63 silly audit report       id: 1111368,
63 silly audit report       url: 'https://github.com/advisories/GHSA-9qr9-h5gf-34mp',
63 silly audit report       title: 'Next.js is vulnerable to RCE in React flight protocol',
63 silly audit report       severity: 'critical',
63 silly audit report       vulnerable_versions: '>=16.0.0-canary.0 <16.0.7',
63 silly audit report       cwe: [Array],
63 silly audit report       cvss: [Object]
63 silly audit report     },
63 silly audit report     {
63 silly audit report       id: 1111374,
63 silly audit report       url: 'https://github.com/advisories/GHSA-w37m-7fhw-fmv9',
63 silly audit report       title: 'Next Server Actions Source Code Exposure ',
63 silly audit report       severity: 'moderate',
63 silly audit report       vulnerable_versions: '>=16.0.0-beta.0 <16.0.9',
63 silly audit report       cwe: [Array],
63 silly audit report       cvss: [Object]
63 silly audit report     },
63 silly audit report     {
63 silly audit report       id: 1111383,
63 silly audit report       url: 'https://github.com/advisories/GHSA-mwv6-3258-q52c',
63 silly audit report       title: 'Next Vulnerable to Denial of Service with Server Components',
63 silly audit report       severity: 'high',
63 silly audit report       vulnerable_versions: '>=16.0.0-beta.0 <16.0.9',
63 silly audit report       cwe: [Array],
63 silly audit report       cvss: [Object]
63 silly audit report     },
63 silly audit report     {
63 silly audit report       id: 1112592,
63 silly audit report       url: 'https://github.com/advisories/GHSA-9g9p-9gw9-jx7f',
63 silly audit report       title: 'Next.js self-hosted applications vulnerable to DoS via Image Optimizer remotePatterns configuration',
63 silly audit report       severity: 'moderate',
63 silly audit report       vulnerable_versions: '>=15.6.0-canary.0 <16.1.5',
63 silly audit report       cwe: [Array],
63 silly audit report       cvss: [Object]
63 silly audit report     },
63 silly audit report     {
63 silly audit report       id: 1112646,
63 silly audit report       url: 'https://github.com/advisories/GHSA-h25m-26qc-wcjf',
63 silly audit report       title: 'Next.js HTTP request deserialization can lead to DoS when using insecure React Server Components',
63 silly audit report       severity: 'high',
63 silly audit report       vulnerable_versions: '>=16.0.0-beta.0 <16.0.11',
63 silly audit report       cwe: [Array],
63 silly audit report       cvss: [Object]
63 silly audit report     },
63 silly audit report     {
63 silly audit report       id: 1112990,
63 silly audit report       url: 'https://github.com/advisories/GHSA-5f7q-jpqc-wp7h',
63 silly audit report       title: 'Next.js has Unbounded Memory Consumption via PPR Resume Endpoint ',
63 silly audit report       severity: 'moderate',
63 silly audit report       vulnerable_versions: '>=16.0.0-beta.0 <16.1.5',
63 silly audit report       cwe: [Array],
63 silly audit report       cvss: [Object]
63 silly audit report     }
63 silly audit report   ]
63 silly audit report }
64 silly packumentCache corgi:https://registry.npmjs.org/minimatch cache-miss
65 silly packumentCache corgi:https://registry.npmjs.org/ajv cache-miss
66 silly packumentCache corgi:https://registry.npmjs.org/next cache-miss
67 http fetch GET 200 https://registry.npmjs.org/@emnapi/wasi-threads/-/wasi-threads-1.1.0.tgz 155ms (cache miss)
68 http fetch GET 200 https://registry.npmjs.org/@emnapi/runtime/-/runtime-1.7.1.tgz 157ms (cache miss)
69 http fetch GET 200 https://registry.npmjs.org/json5/-/json5-2.2.3.tgz 153ms (cache miss)
70 http fetch GET 200 https://registry.npmjs.org/@emnapi/core/-/core-1.7.1.tgz 173ms (cache miss)
71 http fetch GET 200 https://registry.npmjs.org/@tybys/wasm-util/-/wasm-util-0.10.1.tgz 176ms (cache miss)
72 http fetch GET 200 https://registry.npmjs.org/minimatch 39ms (cache miss)
73 silly packumentCache corgi:https://registry.npmjs.org/minimatch set size:undefined disposed:false
74 http fetch GET 200 https://registry.npmjs.org/@napi-rs/wasm-runtime/-/wasm-runtime-0.2.12.tgz 200ms (cache miss)
75 http fetch GET 200 https://registry.npmjs.org/ajv 62ms (cache miss)
76 silly packumentCache corgi:https://registry.npmjs.org/ajv set size:undefined disposed:false
77 http fetch GET 200 https://registry.npmjs.org/next 217ms (cache miss)
78 silly packumentCache corgi:https://registry.npmjs.org/next set size:undefined disposed:false
79 silly packumentCache corgi:https://registry.npmjs.org/@typescript-eslint%2ftypescript-estree cache-miss
80 silly packumentCache corgi:https://registry.npmjs.org/@eslint%2fconfig-array cache-miss
81 silly packumentCache corgi:https://registry.npmjs.org/@eslint%2feslintrc cache-miss
82 silly packumentCache corgi:https://registry.npmjs.org/eslint cache-miss
83 silly packumentCache corgi:https://registry.npmjs.org/eslint-plugin-import cache-miss
84 silly packumentCache corgi:https://registry.npmjs.org/eslint-plugin-jsx-a11y cache-miss
85 silly packumentCache corgi:https://registry.npmjs.org/eslint-plugin-react cache-miss
86 http fetch GET 200 https://registry.npmjs.org/eslint-plugin-import 35ms (cache miss)
87 silly packumentCache corgi:https://registry.npmjs.org/eslint-plugin-import set size:undefined disposed:false
88 http fetch GET 200 https://registry.npmjs.org/eslint-plugin-jsx-a11y 42ms (cache miss)
89 silly packumentCache corgi:https://registry.npmjs.org/eslint-plugin-jsx-a11y set size:undefined disposed:false
90 http fetch GET 200 https://registry.npmjs.org/eslint-plugin-react 45ms (cache miss)
91 silly packumentCache corgi:https://registry.npmjs.org/eslint-plugin-react set size:undefined disposed:false
92 http fetch GET 200 https://registry.npmjs.org/@eslint%2feslintrc 53ms (cache miss)
93 silly packumentCache corgi:https://registry.npmjs.org/@eslint%2feslintrc set size:undefined disposed:false
94 http fetch GET 200 https://registry.npmjs.org/@eslint%2fconfig-array 59ms (cache miss)
95 silly packumentCache corgi:https://registry.npmjs.org/@eslint%2fconfig-array set size:undefined disposed:false
96 http fetch GET 200 https://registry.npmjs.org/eslint 81ms (cache miss)
97 silly packumentCache corgi:https://registry.npmjs.org/eslint set size:undefined disposed:false
98 http fetch GET 200 https://registry.npmjs.org/@typescript-eslint%2ftypescript-estree 155ms (cache miss)
99 silly packumentCache corgi:https://registry.npmjs.org/@typescript-eslint%2ftypescript-estree set size:undefined disposed:false
100 silly packumentCache corgi:https://registry.npmjs.org/eslint-config-next cache-miss
101 silly packumentCache corgi:https://registry.npmjs.org/eslint-import-resolver-typescript cache-miss
102 http fetch GET 200 https://registry.npmjs.org/eslint-import-resolver-typescript 41ms (cache miss)
103 silly packumentCache corgi:https://registry.npmjs.org/eslint-import-resolver-typescript set size:undefined disposed:false
104 http fetch GET 200 https://registry.npmjs.org/eslint-config-next 84ms (cache miss)
105 silly packumentCache corgi:https://registry.npmjs.org/eslint-config-next set size:undefined disposed:false
106 silly packumentCache corgi:https://registry.npmjs.org/@eslint-community%2feslint-utils cache-miss
107 silly packumentCache corgi:https://registry.npmjs.org/@typescript-eslint%2feslint-plugin cache-miss
108 silly packumentCache corgi:https://registry.npmjs.org/@typescript-eslint%2fparser cache-miss
109 silly packumentCache corgi:https://registry.npmjs.org/@typescript-eslint%2ftype-utils cache-miss
110 silly packumentCache corgi:https://registry.npmjs.org/@typescript-eslint%2futils cache-miss
111 silly packumentCache corgi:https://registry.npmjs.org/eslint-plugin-react-hooks cache-miss
112 silly packumentCache corgi:https://registry.npmjs.org/typescript-eslint cache-miss
113 http fetch GET 200 https://registry.npmjs.org/@eslint-community%2feslint-utils 107ms (cache miss)
114 silly packumentCache corgi:https://registry.npmjs.org/@eslint-community%2feslint-utils set size:undefined disposed:false
115 http fetch GET 200 https://registry.npmjs.org/typescript-eslint 128ms (cache miss)
116 silly packumentCache corgi:https://registry.npmjs.org/typescript-eslint set size:undefined disposed:false
117 http fetch GET 200 https://registry.npmjs.org/eslint-plugin-react-hooks 183ms (cache miss)
118 silly packumentCache corgi:https://registry.npmjs.org/eslint-plugin-react-hooks set size:undefined disposed:false
119 http fetch GET 200 https://registry.npmjs.org/@typescript-eslint%2ftype-utils 247ms (cache miss)
120 silly packumentCache corgi:https://registry.npmjs.org/@typescript-eslint%2ftype-utils set size:undefined disposed:false
121 http fetch GET 200 https://registry.npmjs.org/@typescript-eslint%2futils 316ms (cache miss)
122 silly packumentCache corgi:https://registry.npmjs.org/@typescript-eslint%2futils set size:undefined disposed:false
123 http fetch GET 200 https://registry.npmjs.org/@typescript-eslint%2fparser 414ms (cache miss)
124 silly packumentCache corgi:https://registry.npmjs.org/@typescript-eslint%2fparser set size:undefined disposed:false
125 http fetch GET 200 https://registry.npmjs.org/@typescript-eslint%2feslint-plugin 631ms (cache miss)
126 silly packumentCache corgi:https://registry.npmjs.org/@typescript-eslint%2feslint-plugin set size:undefined disposed:false
127 silly ADD node_modules/@tybys/wasm-util
128 silly ADD node_modules/@napi-rs/wasm-runtime
129 silly ADD node_modules/@emnapi/wasi-threads
130 silly ADD node_modules/@emnapi/runtime
131 silly ADD node_modules/@emnapi/core
132 silly REMOVE node_modules/@eslint/eslintrc/node_modules/globals
133 silly REMOVE node_modules/@babel/core/node_modules/json5
134 silly ADD node_modules/tsconfig-paths/node_modules/json5
135 silly ADD node_modules/tinyglobby/node_modules/picomatch
136 silly ADD node_modules/tinyglobby/node_modules/fdir
137 silly CHANGE node_modules/picomatch
138 silly REMOVE node_modules/micromatch/node_modules/picomatch
139 silly CHANGE node_modules/json5
140 silly CHANGE node_modules/globals
141 silly CHANGE node_modules/glob-parent
142 silly REMOVE node_modules/fdir
143 silly ADD node_modules/fast-glob/node_modules/glob-parent
144 silly REMOVE node_modules/eslint/node_modules/glob-parent
145 silly ADD node_modules/eslint-config-next/node_modules/globals
146 verbose cwd /Users/xavierleffler/Projects/conference-realignment-tool
147 verbose os Darwin 24.6.0
148 verbose node v24.4.0
149 verbose npm  v11.6.4
150 notice
150 notice New [33mminor[39m version of npm available! [33m11.6.4[39m -> [34m11.10.1[39m
150 notice Changelog: [34mhttps://github.com/npm/cli/releases/tag/v11.10.1[39m
150 notice To update run: [4mnpm install -g npm@11.10.1[24m
150 notice  { force: true, Symbol(proc-log.meta): true }
151 verbose exit 0
152 info ok
